# JRE version: OpenJDK Runtime Environment (11.0.10) (build 11.0.10+0-b96-7249189)
# Java VM: OpenJDK 64-Bit Server VM (11.0.10+0-b96-7249189, mixed mode, tiered, compressed oops, g1 gc, windows-amd64)
Heap:
 garbage-first heap   total 139264K, used 95197K [0x0000000080000000, 0x0000000100000000)
  region size 1024K, 11 young (11264K), 2 survivors (2048K)
 Metaspace       used 107143K, capacity 110278K, committed 110592K, reserved 1144832K
  class space    used 14011K, capacity 15233K, committed 15360K, reserved 1048576K
GC Heap History (20 events):
Event: 32.696 GC heap before
{Heap before GC invocations=45 (full 0):
 garbage-first heap   total 139264K, used 83784K [0x0000000080000000, 0x0000000100000000)
  region size 1024K, 15 young (15360K), 5 survivors (5120K)
 Metaspace       used 87808K, capacity 90052K, committed 90368K, reserved 1128448K
  class space    used 11404K, capacity 12221K, committed 12288K, reserved 1048576K
}
Event: 32.726 GC heap after
{Heap after GC invocations=46 (full 0):
 garbage-first heap   total 139264K, used 76008K [0x0000000080000000, 0x0000000100000000)
  region size 1024K, 2 young (2048K), 2 survivors (2048K)
 Metaspace       used 87808K, capacity 90052K, committed 90368K, reserved 1128448K
  class space    used 11404K, capacity 12221K, committed 12288K, reserved 1048576K
}
Event: 33.654 GC heap before
{Heap before GC invocations=47 (full 0):
 garbage-first heap   total 139264K, used 103656K [0x0000000080000000, 0x0000000100000000)
  region size 1024K, 27 young (27648K), 2 survivors (2048K)
 Metaspace       used 88345K, capacity 90618K, committed 90880K, reserved 1128448K
  class space    used 11451K, capacity 12281K, committed 12288K, reserved 1048576K
}
Event: 33.661 GC heap after
{Heap after GC invocations=48 (full 0):
 garbage-first heap   total 139264K, used 84668K [0x0000000080000000, 0x0000000100000000)
  region size 1024K, 4 young (4096K), 4 survivors (4096K)
 Metaspace       used 88345K, capacity 90618K, committed 90880K, reserved 1128448K
  class space    used 11451K, capacity 12281K, committed 12288K, reserved 1048576K
}
Event: 34.038 GC heap before
{Heap before GC invocations=48 (full 0):
 garbage-first heap   total 139264K, used 107196K [0x0000000080000000, 0x0000000100000000)
  region size 1024K, 26 young (26624K), 4 survivors (4096K)
 Metaspace       used 89946K, capacity 92265K, committed 92416K, reserved 1128448K
  class space    used 11605K, capacity 12488K, committed 12544K, reserved 1048576K
}
Event: 34.060 GC heap after
{Heap after GC invocations=49 (full 0):
 garbage-first heap   total 139264K, used 88127K [0x0000000080000000, 0x0000000100000000)
  region size 1024K, 4 young (4096K), 4 survivors (4096K)
 Metaspace       used 89946K, capacity 92265K, committed 92416K, reserved 1128448K
  class space    used 11605K, capacity 12488K, committed 12544K, reserved 1048576K
}
Event: 34.858 GC heap before
{Heap before GC invocations=50 (full 0):
 garbage-first heap   total 139264K, used 108607K [0x0000000080000000, 0x0000000100000000)
  region size 1024K, 25 young (25600K), 4 survivors (4096K)
 Metaspace       used 90321K, capacity 92761K, committed 92928K, reserved 1130496K
  class space    used 11654K, capacity 12533K, committed 12544K, reserved 1048576K
}
Event: 34.866 GC heap after
{Heap after GC invocations=51 (full 0):
 garbage-first heap   total 139264K, used 89553K [0x0000000080000000, 0x0000000100000000)
  region size 1024K, 2 young (2048K), 2 survivors (2048K)
 Metaspace       used 90321K, capacity 92761K, committed 92928K, reserved 1130496K
  class space    used 11654K, capacity 12533K, committed 12544K, reserved 1048576K
}
Event: 36.527 GC heap before
{Heap before GC invocations=51 (full 0):
 garbage-first heap   total 139264K, used 110033K [0x0000000080000000, 0x0000000100000000)
  region size 1024K, 23 young (23552K), 2 survivors (2048K)
 Metaspace       used 91303K, capacity 93690K, committed 93824K, reserved 1130496K
  class space    used 11746K, capacity 12605K, committed 12672K, reserved 1048576K
}
Event: 36.537 GC heap after
{Heap after GC invocations=52 (full 0):
 garbage-first heap   total 139264K, used 90891K [0x0000000080000000, 0x0000000100000000)
  region size 1024K, 3 young (3072K), 3 survivors (3072K)
 Metaspace       used 91303K, capacity 93690K, committed 93824K, reserved 1130496K
  class space    used 11746K, capacity 12605K, committed 12672K, reserved 1048576K
}
Event: 39.646 GC heap before
{Heap before GC invocations=53 (full 0):
 garbage-first heap   total 139264K, used 117515K [0x0000000080000000, 0x0000000100000000)
  region size 1024K, 25 young (25600K), 3 survivors (3072K)
 Metaspace       used 93443K, capacity 95821K, committed 96128K, reserved 1132544K
  class space    used 11973K, capacity 12824K, committed 12928K, reserved 1048576K
}
Event: 39.653 GC heap after
{Heap after GC invocations=54 (full 0):
 garbage-first heap   total 139264K, used 92961K [0x0000000080000000, 0x0000000100000000)
  region size 1024K, 4 young (4096K), 4 survivors (4096K)
 Metaspace       used 93443K, capacity 95821K, committed 96128K, reserved 1132544K
  class space    used 11973K, capacity 12824K, committed 12928K, reserved 1048576K
}
Event: 40.051 GC heap before
{Heap before GC invocations=54 (full 0):
 garbage-first heap   total 139264K, used 93985K [0x0000000080000000, 0x0000000100000000)
  region size 1024K, 6 young (6144K), 4 survivors (4096K)
 Metaspace       used 94619K, capacity 97046K, committed 97280K, reserved 1134592K
  class space    used 12099K, capacity 12954K, committed 13056K, reserved 1048576K
}
Event: 40.057 GC heap after
{Heap after GC invocations=55 (full 0):
 garbage-first heap   total 139264K, used 91741K [0x0000000080000000, 0x0000000100000000)
  region size 1024K, 1 young (1024K), 1 survivors (1024K)
 Metaspace       used 94619K, capacity 97046K, committed 97280K, reserved 1134592K
  class space    used 12099K, capacity 12954K, committed 13056K, reserved 1048576K
}
Event: 44.318 GC heap before
{Heap before GC invocations=55 (full 0):
 garbage-first heap   total 139264K, used 113245K [0x0000000080000000, 0x0000000100000000)
  region size 1024K, 23 young (23552K), 1 survivors (1024K)
 Metaspace       used 97184K, capacity 99645K, committed 99968K, reserved 1136640K
  class space    used 12454K, capacity 13315K, committed 13440K, reserved 1048576K
}
Event: 44.322 GC heap after
{Heap after GC invocations=56 (full 0):
 garbage-first heap   total 139264K, used 92601K [0x0000000080000000, 0x0000000100000000)
  region size 1024K, 2 young (2048K), 2 survivors (2048K)
 Metaspace       used 97184K, capacity 99645K, committed 99968K, reserved 1136640K
  class space    used 12454K, capacity 13315K, committed 13440K, reserved 1048576K
}
Event: 44.845 GC heap before
{Heap before GC invocations=57 (full 0):
 garbage-first heap   total 139264K, used 113275K [0x0000000080000000, 0x0000000100000000)
  region size 1024K, 24 young (24576K), 2 survivors (2048K)
 Metaspace       used 101852K, capacity 104509K, committed 104576K, reserved 1140736K
  class space    used 13126K, capacity 14155K, committed 14208K, reserved 1048576K
}
Event: 44.848 GC heap after
{Heap after GC invocations=58 (full 0):
 garbage-first heap   total 139264K, used 92907K [0x0000000080000000, 0x0000000100000000)
  region size 1024K, 3 young (3072K), 3 survivors (3072K)
 Metaspace       used 101852K, capacity 104509K, committed 104576K, reserved 1140736K
  class space    used 13126K, capacity 14155K, committed 14208K, reserved 1048576K
}
Event: 44.894 GC heap before
{Heap before GC invocations=58 (full 0):
 garbage-first heap   total 139264K, used 94955K [0x0000000080000000, 0x0000000100000000)
  region size 1024K, 6 young (6144K), 3 survivors (3072K)
 Metaspace       used 102448K, capacity 105163K, committed 105216K, reserved 1140736K
  class space    used 13251K, capacity 14314K, committed 14336K, reserved 1048576K
}
Event: 44.898 GC heap after
{Heap after GC invocations=59 (full 0):
 garbage-first heap   total 139264K, used 87244K [0x0000000080000000, 0x0000000100000000)
  region size 1024K, 1 young (1024K), 1 survivors (1024K)
 Metaspace       used 102448K, capacity 105163K, committed 105216K, reserved 1140736K
  class space    used 13251K, capacity 14314K, committed 14336K, reserved 1048576K
}

