# JRE version: OpenJDK Runtime Environment (11.0.10) (build 11.0.10+0-b96-7249189)
# Java VM: OpenJDK 64-Bit Server VM (11.0.10+0-b96-7249189, mixed mode, tiered, compressed oops, g1 gc, windows-amd64)
Heap:
 garbage-first heap   total 167936K, used 67839K [0x0000000080000000, 0x0000000100000000)
  region size 1024K, 7 young (7168K), 7 survivors (7168K)
 Metaspace       used 79307K, capacity 81463K, committed 81740K, reserved 1120256K
  class space    used 10435K, capacity 11251K, committed 11340K, reserved 1048576K
GC Heap History (20 events):
Event: 6.355 GC heap after
{Heap after GC invocations=11 (full 0):
 garbage-first heap   total 115712K, used 28245K [0x0000000080000000, 0x0000000100000000)
  region size 1024K, 6 young (6144K), 6 survivors (6144K)
 Metaspace       used 40955K, capacity 41884K, committed 42060K, reserved 1085440K
  class space    used 5294K, capacity 5634K, committed 5708K, reserved 1048576K
}
Event: 7.287 GC heap before
{Heap before GC invocations=11 (full 0):
 garbage-first heap   total 115712K, used 76373K [0x0000000080000000, 0x0000000100000000)
  region size 1024K, 53 young (54272K), 6 survivors (6144K)
 Metaspace       used 45164K, capacity 46302K, committed 46412K, reserved 1089536K
  class space    used 5800K, capacity 6192K, committed 6220K, reserved 1048576K
}
Event: 7.296 GC heap after
{Heap after GC invocations=12 (full 0):
 garbage-first heap   total 115712K, used 30117K [0x0000000080000000, 0x0000000100000000)
  region size 1024K, 4 young (4096K), 4 survivors (4096K)
 Metaspace       used 45164K, capacity 46302K, committed 46412K, reserved 1089536K
  class space    used 5800K, capacity 6192K, committed 6220K, reserved 1048576K
}
Event: 9.351 GC heap before
{Heap before GC invocations=12 (full 0):
 garbage-first heap   total 115712K, used 83365K [0x0000000080000000, 0x0000000100000000)
  region size 1024K, 53 young (54272K), 4 survivors (4096K)
 Metaspace       used 47348K, capacity 48584K, committed 48844K, reserved 1091584K
  class space    used 6049K, capacity 6497K, committed 6604K, reserved 1048576K
}
Event: 9.362 GC heap after
{Heap after GC invocations=13 (full 0):
 garbage-first heap   total 115712K, used 42192K [0x0000000080000000, 0x0000000100000000)
  region size 1024K, 7 young (7168K), 7 survivors (7168K)
 Metaspace       used 47348K, capacity 48584K, committed 48844K, reserved 1091584K
  class space    used 6049K, capacity 6497K, committed 6604K, reserved 1048576K
}
Event: 10.592 GC heap before
{Heap before GC invocations=13 (full 0):
 garbage-first heap   total 115712K, used 84176K [0x0000000080000000, 0x0000000100000000)
  region size 1024K, 48 young (49152K), 7 survivors (7168K)
 Metaspace       used 52225K, capacity 53659K, committed 53836K, reserved 1095680K
  class space    used 6650K, capacity 7135K, committed 7244K, reserved 1048576K
}
Event: 10.606 GC heap after
{Heap after GC invocations=14 (full 0):
 garbage-first heap   total 115712K, used 44892K [0x0000000080000000, 0x0000000100000000)
  region size 1024K, 3 young (3072K), 3 survivors (3072K)
 Metaspace       used 52225K, capacity 53659K, committed 53836K, reserved 1095680K
  class space    used 6650K, capacity 7135K, committed 7244K, reserved 1048576K
}
Event: 11.602 GC heap before
{Heap before GC invocations=14 (full 0):
 garbage-first heap   total 115712K, used 82780K [0x0000000080000000, 0x0000000100000000)
  region size 1024K, 41 young (41984K), 3 survivors (3072K)
 Metaspace       used 58651K, capacity 60154K, committed 60236K, reserved 1101824K
  class space    used 7435K, capacity 7975K, committed 8012K, reserved 1048576K
}
Event: 11.613 GC heap after
{Heap after GC invocations=15 (full 0):
 garbage-first heap   total 139264K, used 46890K [0x0000000080000000, 0x0000000100000000)
  region size 1024K, 5 young (5120K), 5 survivors (5120K)
 Metaspace       used 58651K, capacity 60154K, committed 60236K, reserved 1101824K
  class space    used 7435K, capacity 7975K, committed 8012K, reserved 1048576K
}
Event: 12.508 GC heap before
{Heap before GC invocations=16 (full 0):
 garbage-first heap   total 139264K, used 98090K [0x0000000080000000, 0x0000000100000000)
  region size 1024K, 55 young (56320K), 5 survivors (5120K)
 Metaspace       used 63051K, capacity 64604K, committed 64972K, reserved 1105920K
  class space    used 8002K, capacity 8527K, committed 8652K, reserved 1048576K
}
Event: 12.519 GC heap after
{Heap after GC invocations=17 (full 0):
 garbage-first heap   total 139264K, used 50692K [0x0000000080000000, 0x0000000100000000)
  region size 1024K, 6 young (6144K), 6 survivors (6144K)
 Metaspace       used 63051K, capacity 64604K, committed 64972K, reserved 1105920K
  class space    used 8002K, capacity 8527K, committed 8652K, reserved 1048576K
}
Event: 12.855 GC heap before
{Heap before GC invocations=18 (full 0):
 garbage-first heap   total 139264K, used 101892K [0x0000000080000000, 0x0000000100000000)
  region size 1024K, 56 young (57344K), 6 survivors (6144K)
 Metaspace       used 63577K, capacity 65196K, committed 65356K, reserved 1105920K
  class space    used 8093K, capacity 8657K, committed 8780K, reserved 1048576K
}
Event: 12.864 GC heap after
{Heap after GC invocations=19 (full 0):
 garbage-first heap   total 139264K, used 55260K [0x0000000080000000, 0x0000000100000000)
  region size 1024K, 5 young (5120K), 5 survivors (5120K)
 Metaspace       used 63577K, capacity 65196K, committed 65356K, reserved 1105920K
  class space    used 8093K, capacity 8657K, committed 8780K, reserved 1048576K
}
Event: 13.653 GC heap before
{Heap before GC invocations=19 (full 0):
 garbage-first heap   total 139264K, used 105436K [0x0000000080000000, 0x0000000100000000)
  region size 1024K, 54 young (55296K), 5 survivors (5120K)
 Metaspace       used 68947K, capacity 70640K, committed 70860K, reserved 1110016K
  class space    used 8939K, capacity 9570K, committed 9676K, reserved 1048576K
}
Event: 13.663 GC heap after
{Heap after GC invocations=20 (full 0):
 garbage-first heap   total 139264K, used 58237K [0x0000000080000000, 0x0000000100000000)
  region size 1024K, 4 young (4096K), 4 survivors (4096K)
 Metaspace       used 68947K, capacity 70640K, committed 70860K, reserved 1110016K
  class space    used 8939K, capacity 9570K, committed 9676K, reserved 1048576K
}
Event: 14.832 GC heap before
{Heap before GC invocations=20 (full 0):
 garbage-first heap   total 139264K, used 107389K [0x0000000080000000, 0x0000000100000000)
  region size 1024K, 52 young (53248K), 4 survivors (4096K)
 Metaspace       used 74492K, capacity 76277K, committed 76492K, reserved 1116160K
  class space    used 9733K, capacity 10364K, committed 10444K, reserved 1048576K
}
Event: 14.838 GC heap after
{Heap after GC invocations=21 (full 0):
 garbage-first heap   total 139264K, used 60941K [0x0000000080000000, 0x0000000100000000)
  region size 1024K, 6 young (6144K), 6 survivors (6144K)
 Metaspace       used 74492K, capacity 76277K, committed 76492K, reserved 1116160K
  class space    used 9733K, capacity 10364K, committed 10444K, reserved 1048576K
}
Event: 15.787 GC heap before
{Heap before GC invocations=21 (full 0):
 garbage-first heap   total 139264K, used 110093K [0x0000000080000000, 0x0000000100000000)
  region size 1024K, 54 young (55296K), 6 survivors (6144K)
 Metaspace       used 78307K, capacity 80336K, committed 80460K, reserved 1118208K
  class space    used 10298K, capacity 11036K, committed 11084K, reserved 1048576K
}
Event: 15.799 GC heap after
{Heap after GC invocations=22 (full 0):
 garbage-first heap   total 139264K, used 64314K [0x0000000080000000, 0x0000000100000000)
  region size 1024K, 7 young (7168K), 7 survivors (7168K)
 Metaspace       used 78307K, capacity 80336K, committed 80460K, reserved 1118208K
  class space    used 10298K, capacity 11036K, committed 11084K, reserved 1048576K
}
Event: 16.400 GC heap before
{Heap before GC invocations=22 (full 0):
 garbage-first heap   total 139264K, used 110394K [0x0000000080000000, 0x0000000100000000)
  region size 1024K, 53 young (54272K), 7 survivors (7168K)
 Metaspace       used 79307K, capacity 81463K, committed 81740K, reserved 1120256K
  class space    used 10435K, capacity 11251K, committed 11340K, reserved 1048576K
}

