# JRE version: OpenJDK Runtime Environment (11.0.10) (build 11.0.10+0-b96-7249189)
# Java VM: OpenJDK 64-Bit Server VM (11.0.10+0-b96-7249189, mixed mode, tiered, compressed oops, g1 gc, windows-amd64)
Heap:
 garbage-first heap   total 115712K, used 28265K [0x0000000080000000, 0x0000000100000000)
  region size 1024K, 6 young (6144K), 6 survivors (6144K)
 Metaspace       used 41191K, capacity 42129K, committed 42316K, reserved 1085440K
  class space    used 5330K, capacity 5673K, committed 5708K, reserved 1048576K
GC Heap History (17 events):
Event: 0.642 GC heap before
{Heap before GC invocations=0 (full 0):
 garbage-first heap   total 96256K, used 29696K [0x0000000080000000, 0x0000000100000000)
  region size 1024K, 24 young (24576K), 0 survivors (0K)
 Metaspace       used 10183K, capacity 10363K, committed 10624K, reserved 1058816K
  class space    used 1065K, capacity 1141K, committed 1152K, reserved 1048576K
}
Event: 0.649 GC heap after
{Heap after GC invocations=1 (full 0):
 garbage-first heap   total 96256K, used 9990K [0x0000000080000000, 0x0000000100000000)
  region size 1024K, 3 young (3072K), 3 survivors (3072K)
 Metaspace       used 10183K, capacity 10363K, committed 10624K, reserved 1058816K
  class space    used 1065K, capacity 1141K, committed 1152K, reserved 1048576K
}
Event: 1.322 GC heap before
{Heap before GC invocations=1 (full 0):
 garbage-first heap   total 96256K, used 64262K [0x0000000080000000, 0x0000000100000000)
  region size 1024K, 56 young (57344K), 3 survivors (3072K)
 Metaspace       used 13701K, capacity 14007K, committed 14208K, reserved 1062912K
  class space    used 1527K, capacity 1654K, committed 1664K, reserved 1048576K
}
Event: 1.328 GC heap after
{Heap after GC invocations=2 (full 0):
 garbage-first heap   total 96256K, used 15527K [0x0000000080000000, 0x0000000100000000)
  region size 1024K, 7 young (7168K), 7 survivors (7168K)
 Metaspace       used 13701K, capacity 14007K, committed 14208K, reserved 1062912K
  class space    used 1527K, capacity 1654K, committed 1664K, reserved 1048576K
}
Event: 2.778 GC heap before
{Heap before GC invocations=2 (full 0):
 garbage-first heap   total 96256K, used 50343K [0x0000000080000000, 0x0000000100000000)
  region size 1024K, 41 young (41984K), 7 survivors (7168K)
 Metaspace       used 19466K, capacity 19959K, committed 20224K, reserved 1067008K
  class space    used 2379K, capacity 2542K, committed 2560K, reserved 1048576K
}
Event: 2.782 GC heap after
{Heap after GC invocations=3 (full 0):
 garbage-first heap   total 96256K, used 16540K [0x0000000080000000, 0x0000000100000000)
  region size 1024K, 2 young (2048K), 2 survivors (2048K)
 Metaspace       used 19466K, capacity 19959K, committed 20224K, reserved 1067008K
  class space    used 2379K, capacity 2542K, committed 2560K, reserved 1048576K
}
Event: 2.947 GC heap before
{Heap before GC invocations=3 (full 0):
 garbage-first heap   total 96256K, used 21660K [0x0000000080000000, 0x0000000100000000)
  region size 1024K, 9 young (9216K), 2 survivors (2048K)
 Metaspace       used 20590K, capacity 21092K, committed 21248K, reserved 1067008K
  class space    used 2511K, capacity 2690K, committed 2816K, reserved 1048576K
}
Event: 2.950 GC heap after
{Heap after GC invocations=4 (full 0):
 garbage-first heap   total 96256K, used 16801K [0x0000000080000000, 0x0000000100000000)
  region size 1024K, 2 young (2048K), 2 survivors (2048K)
 Metaspace       used 20590K, capacity 21092K, committed 21248K, reserved 1067008K
  class space    used 2511K, capacity 2690K, committed 2816K, reserved 1048576K
}
Event: 3.471 GC heap before
{Heap before GC invocations=5 (full 0):
 garbage-first heap   total 96256K, used 53665K [0x0000000080000000, 0x0000000100000000)
  region size 1024K, 38 young (38912K), 2 survivors (2048K)
 Metaspace       used 24234K, capacity 24826K, committed 25088K, reserved 1071104K
  class space    used 3115K, capacity 3321K, committed 3328K, reserved 1048576K
}
Event: 3.473 GC heap after
{Heap after GC invocations=6 (full 0):
 garbage-first heap   total 96256K, used 17777K [0x0000000080000000, 0x0000000100000000)
  region size 1024K, 3 young (3072K), 3 survivors (3072K)
 Metaspace       used 24234K, capacity 24826K, committed 25088K, reserved 1071104K
  class space    used 3115K, capacity 3321K, committed 3328K, reserved 1048576K
}
Event: 4.250 GC heap before
{Heap before GC invocations=6 (full 0):
 garbage-first heap   total 96256K, used 56689K [0x0000000080000000, 0x0000000100000000)
  region size 1024K, 41 young (41984K), 3 survivors (3072K)
 Metaspace       used 27932K, capacity 28568K, committed 28800K, reserved 1075200K
  class space    used 3701K, capacity 3932K, committed 3968K, reserved 1048576K
}
Event: 4.255 GC heap after
{Heap after GC invocations=7 (full 0):
 garbage-first heap   total 96256K, used 19343K [0x0000000080000000, 0x0000000100000000)
  region size 1024K, 5 young (5120K), 5 survivors (5120K)
 Metaspace       used 27932K, capacity 28568K, committed 28800K, reserved 1075200K
  class space    used 3701K, capacity 3932K, committed 3968K, reserved 1048576K
}
Event: 5.496 GC heap before
{Heap before GC invocations=7 (full 0):
 garbage-first heap   total 96256K, used 54159K [0x0000000080000000, 0x0000000100000000)
  region size 1024K, 40 young (40960K), 5 survivors (5120K)
 Metaspace       used 35057K, capacity 35830K, committed 35840K, reserved 1081344K
  class space    used 4543K, capacity 4864K, committed 4864K, reserved 1048576K
}
Event: 5.509 GC heap after
{Heap after GC invocations=8 (full 0):
 garbage-first heap   total 96256K, used 22235K [0x0000000080000000, 0x0000000100000000)
  region size 1024K, 6 young (6144K), 6 survivors (6144K)
 Metaspace       used 35057K, capacity 35830K, committed 35840K, reserved 1081344K
  class space    used 4543K, capacity 4864K, committed 4864K, reserved 1048576K
}
Event: 6.250 GC heap before
{Heap before GC invocations=9 (full 0):
 garbage-first heap   total 96256K, used 65243K [0x0000000080000000, 0x0000000100000000)
  region size 1024K, 46 young (47104K), 6 survivors (6144K)
 Metaspace       used 38289K, capacity 39255K, committed 39372K, reserved 1083392K
  class space    used 4893K, capacity 5211K, committed 5324K, reserved 1048576K
}
Event: 6.260 GC heap after
{Heap after GC invocations=10 (full 0):
 garbage-first heap   total 96256K, used 26067K [0x0000000080000000, 0x0000000100000000)
  region size 1024K, 6 young (6144K), 6 survivors (6144K)
 Metaspace       used 38289K, capacity 39255K, committed 39372K, reserved 1083392K
  class space    used 4893K, capacity 5211K, committed 5324K, reserved 1048576K
}
Event: 7.073 GC heap before
{Heap before GC invocations=10 (full 0):
 garbage-first heap   total 96256K, used 66003K [0x0000000080000000, 0x0000000100000000)
  region size 1024K, 45 young (46080K), 6 survivors (6144K)
 Metaspace       used 41191K, capacity 42129K, committed 42316K, reserved 1085440K
  class space    used 5330K, capacity 5673K, committed 5708K, reserved 1048576K
}

